[2025-06-17T06:51:15.142+0000] {local_task_job_runner.py:120} INFO - ::group::Pre task execution logs
[2025-06-17T06:51:16.450+0000] {taskinstance.py:2076} INFO - Dependencies all met for dep_context=non-requeueable deps ti=<TaskInstance: hello_airflow_dag.say_hello scheduled__2023-01-01T00:00:00+00:00 [queued]>
[2025-06-17T06:51:16.463+0000] {taskinstance.py:2076} INFO - Dependencies all met for dep_context=requeueable deps ti=<TaskInstance: hello_airflow_dag.say_hello scheduled__2023-01-01T00:00:00+00:00 [queued]>
[2025-06-17T06:51:16.464+0000] {taskinstance.py:2306} INFO - Starting attempt 1 of 1
[2025-06-17T06:51:17.361+0000] {taskinstance.py:2330} INFO - Executing <Task(_PythonDecoratedOperator): say_hello> on 2023-01-01 00:00:00+00:00
[2025-06-17T06:51:17.735+0000] {logging_mixin.py:188} WARNING - /home/***/.local/lib/python3.12/site-packages/***/task/task_runner/standard_task_runner.py:61 DeprecationWarning: This process (pid=226) is multi-threaded, use of fork() may lead to deadlocks in the child.
[2025-06-17T06:51:17.722+0000] {standard_task_runner.py:90} INFO - Running: ['***', 'tasks', 'run', 'hello_***_dag', 'say_hello', 'scheduled__2023-01-01T00:00:00+00:00', '--job-id', '4', '--raw', '--subdir', 'DAGS_FOLDER/test.py', '--cfg-path', '/tmp/tmpgd87gtqb']
[2025-06-17T06:51:17.876+0000] {standard_task_runner.py:63} INFO - Started process 228 to run task
[2025-06-17T06:51:17.878+0000] {standard_task_runner.py:91} INFO - Job 4: Subtask say_hello
[2025-06-17T06:51:18.363+0000] {logging_mixin.py:188} WARNING - /home/***/.local/lib/python3.12/site-packages/***/settings.py:195 DeprecationWarning: The sql_alchemy_conn option in [core] has been moved to the sql_alchemy_conn option in [database] - the old setting has been used, but please update your config.
[2025-06-17T06:51:18.766+0000] {task_command.py:426} INFO - Running <TaskInstance: hello_airflow_dag.say_hello scheduled__2023-01-01T00:00:00+00:00 [running]> on host 9f689090287d
[2025-06-17T06:51:21.581+0000] {taskinstance.py:2648} INFO - Exporting env vars: AIRFLOW_CTX_DAG_OWNER='***' AIRFLOW_CTX_DAG_ID='hello_***_dag' AIRFLOW_CTX_TASK_ID='say_hello' AIRFLOW_CTX_EXECUTION_DATE='2023-01-01T00:00:00+00:00' AIRFLOW_CTX_TRY_NUMBER='1' AIRFLOW_CTX_DAG_RUN_ID='scheduled__2023-01-01T00:00:00+00:00'
[2025-06-17T06:51:21.824+0000] {taskinstance.py:430} INFO - ::endgroup::
[2025-06-17T06:51:22.024+0000] {logging_mixin.py:188} INFO - ✅ Hello from Airflow 2!
[2025-06-17T06:51:22.025+0000] {python.py:237} INFO - Done. Returned value was: None
[2025-06-17T06:51:22.027+0000] {taskinstance.py:441} INFO - ::group::Post task execution logs
[2025-06-17T06:51:22.058+0000] {taskinstance.py:1206} INFO - Marking task as SUCCESS. dag_id=hello_***_dag, task_id=say_hello, run_id=scheduled__2023-01-01T00:00:00+00:00, execution_date=20230101T000000, start_date=20250617T065116, end_date=20250617T065122
[2025-06-17T06:51:23.450+0000] {local_task_job_runner.py:240} INFO - Task exited with return code 0
[2025-06-17T06:51:23.485+0000] {taskinstance.py:3498} INFO - 0 downstream tasks scheduled from follow-on schedule check
[2025-06-17T06:51:24.347+0000] {local_task_job_runner.py:222} INFO - ::endgroup::
